1497793099;/mysite2/index.php?id=log;http://localhost/mysite2/index.php1497793109;/mysite2/index.php?id=log;http://localhost/mysite2/index.php
1497793115;/mysite2/index.php?id=info;http://localhost/mysite2/index.php?id=log
1497793118;/mysite2/index.php?id=log;http://localhost/mysite2/index.php?id=info
1497793224;/mysite2/index.php?id=log;http://localhost/mysite2/index.php?id=info
1497793243;/mysite2/index.php?id=log;http://localhost/mysite2/index.php?id=info
1497793320;/mysite2/index.php?id=log;http://localhost/mysite2/index.php?id=info
1497795928;/mysite2/index.php?id=log;http://localhost/mysite2/index.php?id=info
1497796034;/mysite2/index.php?id=log;http://localhost/mysite2/index.php?id=info
1498237567;/mysite2/index.php?id=log;http://localhost/mysite2/index.php?id=info
1498237576;/mysite2/index.php?id=gbook;http://localhost/mysite2/index.php?id=log
1498237999;/mysite2/index.php?id=gbook;http://localhost/mysite2/index.php?id=log
1498238030;/mysite2/index.php?id=gbook;http://localhost/mysite2/index.php?id=log
1498238078;/mysite2/index.php?id=gbook;http://localhost/mysite2/index.php?id=log
1498238153;/mysite2/index.php?id=gbook;http://localhost/mysite2/index.php?id=gbook
1498238218;/mysite2/index.php?id=gbook;http://localhost/mysite2/index.php?id=gbook
1498238243;/mysite2/index.php?id=gbook;http://localhost/mysite2/index.php?id=gbook
1498238259;/mysite2/index.php?id=gbook;http://localhost/mysite2/index.php?id=gbook
1498238720;/mysite2/index.php?id=gbook;http://localhost/mysite2/index.php?id=gbook
1498239401;/mysite2/index.php?id=gbook;http://localhost/mysite2/index.php?id=gbook
1498239422;/mysite2/index.php?id=gbook;http://localhost/mysite2/index.php?id=gbook
1498239528;/mysite2/index.php?id=gbook;http://localhost/mysite2/index.php?id=gbook
1498239596;/mysite2/index.php?id=gbook;http://localhost/mysite2/index.php?id=gbook
1498239694;/mysite2/index.php?id=gbook;http://localhost/mysite2/index.php?id=gbook
1498239885;/mysite2/index.php?id=gbook;http://localhost/mysite2/index.php?id=gbook
1498240095;/mysite2/index.php?id=gbook;http://localhost/mysite2/index.php?id=gbook
1498240107;/mysite2/index.php?id=gbook;http://localhost/mysite2/index.php?id=gbook
1498242199;/mysite2/index.php?id=gbook;http://localhost/mysite2/index.php?id=gbook
1498242856;/mysite2/index.php?id=gbook;http://localhost/mysite2/index.php?id=gbook
1498242915;/mysite2/index.php?id=gbook;http://localhost/mysite2/index.php?id=gbook
1498242943;/mysite2/index.php?id=gbook;http://localhost/mysite2/index.php?id=gbook
1498242952;/mysite2/index.php?id=gbook;http://localhost/mysite2/index.php?id=gbook
1498243141;/mysite2/index.php?id=gbook;http://localhost/mysite2/index.php?id=gbook
1498243172;/mysite2/index.php?id=gbook;http://localhost/mysite2/index.php?id=gbook
1498243201;/mysite2/index.php?id=gbook;http://localhost/mysite2/index.php?id=gbook
1498243444;/mysite2/index.php?id=gbook;http://localhost/mysite2/index.php?id=gbook
1498243634;/mysite2/index.php?id=gbook;http://localhost/mysite2/index.php?id=gbook
1498243666;/mysite2/index.php?id=gbook;http://localhost/mysite2/index.php?id=gbook
1498243685;/mysite2/index.php?id=gbook;http://localhost/mysite2/index.php?id=gbook
1498243715;/mysite2/index.php?id=gbook;http://localhost/mysite2/index.php?id=gbook
1498243745;/mysite2/index.php?id=gbook;http://localhost/mysite2/index.php?id=gbook
1498396288;/mysite2/index.php?id=gbook;http://localhost/mysite2/index.php?id=gbook
1498396450;/mysite2/index.php?id=gbook;http://localhost/mysite2/index.php?id=gbook
1498396627;/mysite2/index.php?id=gbook;http://localhost/mysite2/index.php?id=gbook
1498397278;/mysite2/index.php?id=gbook;http://localhost/mysite2/index.php?id=gbook
1498397281;/mysite2/index.php?id=gbook;http://localhost/mysite2/index.php?id=gbook
1498397313;/mysite2/index.php?id=gbook;http://localhost/mysite2/index.php?id=gbook
1498397361;/mysite2/index.php?id=gbook;http://localhost/mysite2/index.php?id=gbook
1498397364;/mysite2/index.php?id=gbook;http://localhost/mysite2/index.php?id=gbook
1498397435;/mysite2/index.php?id=gbook;http://localhost/mysite2/index.php?id=gbook
1498397654;/mysite2/index.php?id=gbook;http://localhost/mysite2/index.php?id=gbook
1498397896;/mysite2/index.php?id=gbook;http://localhost/mysite2/index.php?id=gbook
1498397932;/mysite2/index.php?id=gbook;http://localhost/mysite2/index.php?id=gbook
1498397935;/mysite2/index.php?id=gbook;http://localhost/mysite2/index.php?id=gbook
1498397951;/mysite2/index.php?id=gbook;http://localhost/mysite2/index.php?id=gbook
1498398091;/mysite2/index.php?id=gbook;http://localhost/mysite2/index.php?id=gbook
1498400091;/mysite2/index.php?id=gbook;http://localhost/mysite2/index.php?id=gbook
1498400513;/mysite2/index.php?id=gbook;http://localhost/mysite2/index.php?id=gbook
1498400789;/mysite2/index.php?id=gbook;http://localhost/mysite2/index.php?id=gbook
1498400922;/mysite2/index.php?id=gbook;http://localhost/mysite2/index.php?id=gbook
1498400943;/mysite2/index.php?id=gbook;http://localhost/mysite2/index.php?id=gbook
1498401043;/mysite2/index.php?id=gbook;http://localhost/mysite2/index.php?id=gbook
1498401067;/mysite2/index.php?id=gbook;http://localhost/mysite2/index.php?id=gbook
1498401153;/mysite2/index.php?id=gbook;http://localhost/mysite2/index.php?id=gbook
1498401160;/mysite2/index.php?id=gbook&del=5;http://localhost/mysite2/index.php?id=gbook
1498401165;/mysite2/index.php?id=gbook&del=1;http://localhost/mysite2/index.php?id=gbook&del=5
1498401179;/mysite2/index.php?id=gbook;
1498401190;/mysite2/index.php?id=gbook;http://localhost/mysite2/index.php?id=gbook
1498401418;/mysite2/index.php?id=gbook;http://localhost/mysite2/index.php?id=gbook
1498401430;/mysite2/index.php?id=gbook;http://localhost/mysite2/index.php?id=gbook
1498401517;/mysite2/index.php?id=gbook;http://localhost/mysite2/index.php?id=gbook
1498401539;/mysite2/index.php?id=gbook;http://localhost/mysite2/index.php?id=gbook
1498401546;/mysite2/index.php?id=gbook&del=4;http://localhost/mysite2/index.php?id=gbook
1498669541;/mysite2/index.php?id=gbook&del=4;
1498669554;/mysite2/index.php;
1498998060;/mysite2/;
1499100884;/mysite2/;
1499102684;/mysite2/;
1503504114;/mysite2/;
1503504135;/mysite2/index.php?id=about;http://localhost/mysite2/
1503504136;/mysite2/index.php?id=info;http://localhost/mysite2/index.php?id=about
1503504143;/mysite2/index.php?id=gbook;http://localhost/mysite2/index.php?id=info
1503504302;/mysite2/;
1503504307;/mysite2/index.php?id=info;http://localhost/mysite2/
1503504317;/mysite2/index.php?id=log;http://localhost/mysite2/index.php?id=info
1503504324;/mysite2/index.php?id=gbook;http://localhost/mysite2/index.php?id=log
1503504371;/mysite2/index.php?id=gbook;http://localhost/mysite2/index.php?id=log
1503504781;/mysite2/index.php?id=gbook;http://localhost/mysite2/index.php?id=log
1503504796;/mysite2/index.php?id=gbook;http://localhost/mysite2/index.php?id=log
